
================================================================
======== txAdmin v6.0.2 atop fxserver 7290 Starting - 19/02/2024, 00:24:53
================================================================

================================================================
======== Log Rotated - 19/02/2024, 00:24:54                     
================================================================
[00:25:17][sugawy] logged in from 127.0.0.1 via citizenfx
[00:26:16][sugawy] executed "RESTART SERVER"
[00:26:51][sugawy] executed "RESTART SERVER"
[00:28:59][MONITOR] Restarting server (resource "busclothespack" failed to start within the 120s time limit).
[00:29:20][sugawy] Changing monitor settings.
[00:39:04][sugawy] logged in via in-game ui
[00:41:26][sugawy] executed "ensure "illenium-appearance""
[01:13:25][sugawy] executed "refresh"
[01:13:30][sugawy] executed "ensure "rpemotes""
[01:14:45][sugawy] logged in via in-game ui
[01:29:52][sugawy] executed "RESTART SERVER"
[01:34:30][sugawy] logged in via in-game ui
[01:47:18][sugawy] executed "STOP SERVER"

================================================================
======== txAdmin v6.0.2 atop fxserver 7290 Starting - 19/02/2024, 01:57:49
================================================================
[02:06:36][sugawy] logged in from 127.0.0.1 via citizenfx
[02:06:47][sugawy] executed "stop "ps-hud""
[02:06:59][sugawy] executed "refresh"
[02:07:12][sugawy] executed "refresh"
[02:07:35][sugawy] executed "refresh"
[02:07:39][sugawy] executed "ensure "mt-hud""
[02:10:35][sugawy] logged in via in-game ui
[02:15:03][sugawy] executed "RESTART SERVER"
[02:19:18][sugawy] logged in via in-game ui
[02:21:10][sugawy] executed "RESTART SERVER"
[02:24:43][sugawy] logged in via in-game ui
[02:49:08][sugawy] executed "ensure "mt-hud""
[02:49:43][sugawy] executed "RESTART SERVER"
[02:51:45][sugawy] executed "STOP SERVER"
[02:52:42][sugawy] executed "START SERVER"
[03:02:40][sugawy] logged in via in-game ui
[03:05:00][sugawy] executed "RESTART SERVER"
[03:09:17][sugawy] logged in via in-game ui
[03:12:31][sugawy] executed "STOP SERVER"

================================================================
======== txAdmin v6.0.2 atop fxserver 7290 Starting - 19/02/2024, 15:08:24
================================================================
[15:14:52][sugawy] logged in via in-game ui
[15:17:48][sugawy] logged in from 127.0.0.1 via citizenfx
[15:17:49][sugawy] logged in via in-game ui
[15:17:52][sugawy] executed "refresh"
[15:17:56][sugawy] executed "ensure "Logo-Watermark""
[15:18:14][sugawy] executed "RESTART SERVER"
[15:22:39][sugawy] logged in via in-game ui
[15:30:15][sugawy] executed "RESTART SERVER"
[15:34:17][sugawy] logged in via in-game ui
[15:37:01][sugawy] executed "ensure "Logo-Watermark""
[15:39:48][sugawy] executed "ensure "Logo-Watermark""
[15:41:01][sugawy] executed "ensure "Logo-Watermark""
[15:41:37][sugawy] executed "ensure "Logo-Watermark""
[15:42:00][sugawy] executed "STOP SERVER"
[15:42:08][sugawy] executed "RESTART SERVER"
[15:44:56][sugawy] logged in via in-game ui
[15:48:14][sugawy] executed "STOP SERVER"
[16:35:12][sugawy] executed "START SERVER"
[16:40:42][sugawy] executed "stop "Logo-Watermark""
[16:41:45][sugawy] logged in via in-game ui
[17:02:10][sugawy] executed "STOP SERVER"
[17:10:08][sugawy] executed "START SERVER"
[17:15:35][sugawy] logged in via in-game ui
[17:16:14][sugawy] executed "RESTART SERVER"
[17:19:56][sugawy] logged in via in-game ui
[17:24:27][sugawy] logged in via in-game ui
[17:44:18][sugawy] executed "STOP SERVER"
[17:52:21][sugawy] executed "START SERVER"
[17:56:36][sugawy] logged in via in-game ui
[17:59:46][sugawy] logged in via in-game ui
[18:00:59][sugawy] executed "RESTART SERVER"
[18:04:47][sugawy] logged in via in-game ui
[18:11:43][sugawy] executed "STOP SERVER"
[18:45:57][sugawy] executed "RESTART SERVER"
[18:49:22][sugawy] logged in via in-game ui
[19:00:42][sugawy] executed "ensure "bb-multichar""
[19:02:14][sugawy] logged in via in-game ui
[19:07:34][sugawy] logged in via in-game ui
[19:08:46][sugawy] executed "RESTART SERVER"
[19:11:54][sugawy] logged in via in-game ui
[19:22:30][sugawy] executed "STOP SERVER"
[19:31:45][sugawy] executed "START SERVER"
[19:34:13][sugawy] executed "RESTART SERVER"
[19:36:23][sugawy] logged in via in-game ui
[19:49:59][sugawy] executed "STOP SERVER"
[19:54:24][sugawy] executed "START SERVER"
[19:57:49][sugawy] logged in via in-game ui
[20:01:03][sugawy] logged in via in-game ui
[20:10:13][sugawy] logged in via in-game ui
[20:14:58][sugawy] executed "ensure "spawnmanager""
[20:15:06][sugawy] executed "ensure "CL-SpawnSelector""
[20:17:52][sugawy] executed "RESTART SERVER"
[20:22:05][sugawy] logged in via in-game ui
[21:00:50][sugawy] executed "STOP SERVER"
