
================================================================
======== txAdmin v6.0.2 atop fxserver 7290 Starting - 24/02/2024, 17:01:28
================================================================

================================================================
======== Log Rotated - 24/02/2024, 17:01:28                     
================================================================
[17:27:30][sugawy] logged in from 127.0.0.1 via citizenfx
[17:27:32][sugawy] executed "RESTART SERVER"
[17:31:32][sugawy] logged in via in-game ui
[17:37:22][sugawy] executed "ensure "ps-inventory""
[17:45:34][sugawy] executed "STOP SERVER"

================================================================
======== txAdmin v6.0.2 atop fxserver 7290 Starting - 24/02/2024, 19:31:21
================================================================
[19:36:42][sugawy] logged in via in-game ui
[19:47:20][sugawy] logged in from 127.0.0.1 via citizenfx
[19:47:20][sugawy] logged in via in-game ui
[19:47:36][sugawy] executed "ensure "ps-inventory""
[19:50:09][sugawy] executed "ensure "ps-inventory""
[19:53:07][sugawy] executed "ensure "progressbar""
[19:53:11][sugawy] executed "ensure "ps-inventory""
[19:56:48][sugawy] executed "ensure "ps-inventory""
[20:00:00][sugawy] executed "ensure "ps-inventory""
[20:07:06][sugawy] executed "STOP SERVER"
