
================================================================
======== txAdmin v6.0.2 atop fxserver 7290 Starting - 27/02/2024, 17:12:11
================================================================

================================================================
======== Log Rotated - 27/02/2024, 17:12:11                     
================================================================
[17:17:59][sugawy] logged in from 127.0.0.1 via citizenfx
[17:18:08][sugawy] executed "ensure "ps-inventory""
[17:20:47][sugawy] logged in via in-game ui
[17:33:51][sugawy] executed "RESTART SERVER"
[17:39:41][sugawy] logged in via in-game ui
[17:43:13][sugawy] logged in via in-game ui
[17:45:01][sugawy] executed "RESTART SERVER"
[17:51:01][sugawy] logged in via in-game ui
[17:58:58][sugawy] executed "RESTART SERVER"
[17:59:33][sugawy] executed "RESTART SERVER"
[18:03:33][sugawy] logged in via in-game ui
[18:32:51][sugawy] executed "refresh"
[18:32:57][sugawy] executed "ensure "up-realhands""
[18:34:10][sugawy] executed "stop "up-realhands""
[18:38:10][sugawy] logged in from via NUI iframe
[18:38:34][sugawy] executed "ensure "up-realhands""
[18:43:23][sugawy] executed "STOP SERVER"

================================================================
======== txAdmin v6.0.2 atop fxserver 7290 Starting - 27/02/2024, 19:03:24
================================================================
[19:08:30][sugawy] logged in via in-game ui
[19:14:11][sugawy] logged in from 127.0.0.1 via citizenfx
[19:14:21][sugawy] Changing Player Manager settings.
[19:15:23][sugawy] Approved whitelist request from oopsie.
[19:16:11][sugawy] logged in via in-game ui
[19:23:09][sugawy] executed "RESTART SERVER"
[19:27:03][sugawy] logged in via in-game ui
[19:30:27][sugawy] executed "STOP SERVER"

================================================================
======== txAdmin v6.0.2 atop fxserver 7290 Starting - 27/02/2024, 19:33:29
================================================================
[19:33:35][sugawy] logged in from 127.0.0.1 via citizenfx

================================================================
======== txAdmin v6.0.2 atop fxserver 7290 Starting - 27/02/2024, 19:39:34
================================================================
[19:50:22][MONITOR] Restarting server (resource "busclothespack" failed to start within the 600s time limit).
[19:51:50][sugawy] logged in from 127.0.0.1 via citizenfx
[20:07:40][sugawy] executed "RESTART SERVER"
[20:46:41][sugawy] logged in via in-game ui
[20:56:55][sugawy] executed "STOP SERVER"

================================================================
======== txAdmin v6.0.2 atop fxserver 7290 Starting - 27/02/2024, 23:47:17
================================================================
[23:55:37][sugawy] logged in via in-game ui
[23:59:52][sugawy] logged in from 127.0.0.1 via citizenfx
[23:59:55][sugawy] executed "STOP SERVER"
