
================================================================
======== txAdmin v6.0.2 atop fxserver 7290 Starting - 03/03/2024, 00:31:50
================================================================

================================================================
======== Log Rotated - 03/03/2024, 00:31:50                     
================================================================
[00:38:06][sugawy] logged in from 127.0.0.1 via citizenfx
[00:39:08][sugawy] executed "STOP SERVER"

================================================================
======== txAdmin v6.0.2 atop fxserver 7290 Starting - 03/03/2024, 00:39:15
================================================================
[00:39:23][sugawy] logged in from 127.0.0.1 via citizenfx

================================================================
======== txAdmin v7.0.0 atop fxserver 7290 Starting - 03/03/2024, 00:45:31
================================================================
[00:45:44][sugawy] logged in from 127.0.0.1 via cfxre
[00:51:53][sugawy] executed "STOP SERVER"

================================================================
======== txAdmin v7.0.0 atop fxserver 7290 Starting - 03/03/2024, 21:22:07
================================================================
[21:32:44][MONITOR] Restarting server (resource "busclothespack" failed to start within the 600s time limit).
[21:33:21][sugawy] logged in from 127.0.0.1 via cfxre
[22:29:12][sugawy] executed "STOP SERVER"
