
================================================================
======== txAdmin v6.0.2 atop fxserver 7290 Starting - 21/02/2024, 02:38:57
================================================================

================================================================
======== Log Rotated - 21/02/2024, 02:38:57                     
================================================================
[02:44:34][sugawy] logged in via in-game ui
[02:51:35][sugawy] logged in via in-game ui
[02:52:14][sugawy] logged in from 127.0.0.1 via citizenfx
[02:52:19][sugawy] executed "ensure "connectqueue""
[02:53:52][sugawy] executed "ensure "connectqueue""
[02:54:27][sugawy] executed "ensure "connectqueue""
[02:56:29][sugawy] executed "STOP SERVER"

================================================================
======== txAdmin v6.0.2 atop fxserver 7290 Starting - 21/02/2024, 15:58:42
================================================================
[16:06:51][sugawy] logged in via in-game ui
[16:20:21][sugawy] logged in from 127.0.0.1 via citizenfx
[16:20:21][sugawy] logged in via in-game ui
[16:20:31][sugawy] executed "ensure "illenium-appearance""
[16:26:39][sugawy] executed "RESTART SERVER"
[16:31:40][sugawy] logged in via in-game ui
[16:33:38][sugawy] executed "RESTART SERVER"
[16:37:46][sugawy] logged in via in-game ui
[16:47:03][sugawy] logged in via in-game ui
[17:02:13][sugawy] executed "STOP SERVER"
[17:07:32][sugawy] executed "START SERVER"
[17:16:04][sugawy] executed "STOP SERVER"

================================================================
======== txAdmin v6.0.2 atop fxserver 7290 Starting - 21/02/2024, 18:34:22
================================================================
[18:42:45][sugawy] logged in via in-game ui
[18:45:46][sugawy] logged in via in-game ui

================================================================
======== txAdmin v6.0.2 atop fxserver 7290 Starting - 21/02/2024, 19:09:17
================================================================
[19:13:03][sugawy] logged in from 127.0.0.1 via citizenfx
[19:14:40][sugawy] executed "RESTART SERVER"
[19:15:52][sugawy] executed "RESTART SERVER"
[19:19:02][sugawy] executed "RESTART SERVER"
[19:23:27][sugawy] logged in via in-game ui
[19:27:30][sugawy] executed "ensure "illenium-appearance""
[19:39:54][sugawy] logged in via in-game ui
[19:47:11][sugawy] executed "STOP SERVER"
