
================================================================
======== txAdmin v6.0.2 atop fxserver 7290 Starting - 02/03/2024, 18:07:14
================================================================

================================================================
======== Log Rotated - 02/03/2024, 18:07:15                     
================================================================
[18:10:35][sugawy] logged in via in-game ui
[18:24:13][sugawy] logged in from 127.0.0.1 via citizenfx
[18:24:24][sugawy] executed "RESTART SERVER"
[18:32:05][sugawy] logged in via in-game ui
[18:43:06][sugawy] executed "ensure "qb-policejob""
[18:44:41][sugawy] executed "ensure "qb-policejob""
[18:49:43][sugawy] executed "ensure "qb-policejob""
[18:49:48][sugawy] executed "ensure "illenium-appearance""
[18:50:12][sugawy] executed "STOP SERVER"

================================================================
======== txAdmin v6.0.2 atop fxserver 7290 Starting - 02/03/2024, 19:40:56
================================================================
[19:43:19][sugawy] logged in from 127.0.0.1 via citizenfx
[19:43:21][sugawy] executed "STOP SERVER"
