
================================================================
======== txAdmin Starting - 21/02/2024, 02:38:57                
================================================================

================================================================
======== Log Rotated - 21/02/2024, 02:38:57                     
================================================================
[02:41:15] txAdmin: Logger started
[02:43:36] [dQY8Q#1] sugaa: joined with identifiers [steam:11000010dd3b881; license:d1fabd5c6707fdb5ad9f4d6adc03d5b10d7fb139; discord:148449302577020928; fivem:4603903; license2:7c968a6ca134a57f23abba5f0b3d153f704a6bc7]
[02:50:16] [dQY8Q#1] sugaa: disconnected (Exiting)
[02:50:58] [dQY8Q#2] sugawy: joined with identifiers [license:d1fabd5c6707fdb5ad9f4d6adc03d5b10d7fb139; discord:148449302577020928; fivem:4603903; license2:7c968a6ca134a57f23abba5f0b3d153f704a6bc7]
[02:51:46] [dQY8Q#2] sugawy: disconnected (Exiting)

================================================================
======== txAdmin Starting - 21/02/2024, 15:58:42                
================================================================
[16:02:38] txAdmin: Logger started
[16:05:53] [HPGAd#1] sugaa: joined with identifiers [steam:11000010dd3b881; license:d1fabd5c6707fdb5ad9f4d6adc03d5b10d7fb139; discord:148449302577020928; fivem:4603903; license2:7c968a6ca134a57f23abba5f0b3d153f704a6bc7]
[16:21:11] [HPGAd#1] sugaa: disconnected (Exiting)
[16:27:54] txAdmin: Logger started
[16:30:43] [zVwnC#1] sugaa: joined with identifiers [steam:11000010dd3b881; license:d1fabd5c6707fdb5ad9f4d6adc03d5b10d7fb139; discord:148449302577020928; fivem:4603903; license2:7c968a6ca134a57f23abba5f0b3d153f704a6bc7]
[16:32:46] [zVwnC#1] sugaa: disconnected (Exiting)
[16:35:40] txAdmin: Logger started
[16:37:09] [aNjWH#1] sugaa: joined with identifiers [steam:11000010dd3b881; license:d1fabd5c6707fdb5ad9f4d6adc03d5b10d7fb139; discord:148449302577020928; fivem:4603903; license2:7c968a6ca134a57f23abba5f0b3d153f704a6bc7]
[16:38:54] [aNjWH#1] sugaa: said "/revvie"
[16:41:54] [aNjWH#1] sugaa: disconnected (Exiting)
[16:46:23] [aNjWH#2] sugaa: joined with identifiers [steam:11000010dd3b881; license:d1fabd5c6707fdb5ad9f4d6adc03d5b10d7fb139; discord:148449302577020928; fivem:4603903; license2:7c968a6ca134a57f23abba5f0b3d153f704a6bc7]
[16:50:40] [aNjWH#2] sugaa: disconnected (Entering Rockstar Editor)
[17:09:27] txAdmin: Logger started

================================================================
======== txAdmin Starting - 21/02/2024, 18:34:22                
================================================================
[18:38:12] txAdmin: Logger started
[18:42:08] [7eefD#1] sugaa: joined with identifiers [steam:11000010dd3b881; license:d1fabd5c6707fdb5ad9f4d6adc03d5b10d7fb139; discord:148449302577020928; fivem:4603903; license2:7c968a6ca134a57f23abba5f0b3d153f704a6bc7]
[18:44:00] [7eefD#1] sugaa: disconnected (Exiting)
[18:45:07] [7eefD#2] sugaa: joined with identifiers [steam:11000010dd3b881; license:d1fabd5c6707fdb5ad9f4d6adc03d5b10d7fb139; discord:148449302577020928; fivem:4603903; license2:7c968a6ca134a57f23abba5f0b3d153f704a6bc7]
[18:51:14] [7eefD#2] sugaa: disconnected (Exiting)

================================================================
======== txAdmin Starting - 21/02/2024, 19:09:17                
================================================================
[19:12:50] txAdmin: Logger started
[19:15:11] txAdmin: Logger started
[19:16:20] txAdmin: Logger started
[19:21:26] txAdmin: Logger started
[19:22:31] [hfzfV#1] sugaa: joined with identifiers [steam:11000010dd3b881; license:d1fabd5c6707fdb5ad9f4d6adc03d5b10d7fb139; discord:148449302577020928; fivem:4603903; license2:7c968a6ca134a57f23abba5f0b3d153f704a6bc7]
[19:38:02] [hfzfV#1] sugaa: disconnected (Exiting)
[19:39:12] [hfzfV#2] sugaa: joined with identifiers [steam:11000010dd3b881; license:d1fabd5c6707fdb5ad9f4d6adc03d5b10d7fb139; discord:148449302577020928; fivem:4603903; license2:7c968a6ca134a57f23abba5f0b3d153f704a6bc7]
[19:47:03] [hfzfV#2] sugaa: disconnected (Exiting)
