
================================================================
======== txAdmin Starting - 03/03/2024, 00:31:50                
================================================================

================================================================
======== Log Rotated - 03/03/2024, 00:31:50                     
================================================================
[00:37:52] txAdmin: Logger started

================================================================
======== txAdmin Starting - 03/03/2024, 00:39:15                
================================================================
[00:39:39] txAdmin: Logger started

================================================================
======== txAdmin Starting - 03/03/2024, 00:45:31                
================================================================
[00:45:55] txAdmin: Logger started

================================================================
======== txAdmin Starting - 03/03/2024, 21:22:07                
================================================================
[21:35:57] txAdmin: Logger started
[21:38:38] [KrKXD#1] sugaa: joined with identifiers [steam:11000010dd3b881; license:d1fabd5c6707fdb5ad9f4d6adc03d5b10d7fb139; discord:148449302577020928; fivem:4603903; license2:7c968a6ca134a57f23abba5f0b3d153f704a6bc7]
[21:54:51] [KrKXD#1] sugaa: enabled noclip
[21:54:54] [KrKXD#1] sugaa: became mortal (standard mode)
[22:03:36] [KrKXD#1] sugaa: said "/doorlock~"
[22:29:12] [KrKXD#1] sugaa: disconnected ([txAdmin] Server shutting down (requested by sugawy).)
