
================================================================
======== txAdmin Starting - 27/02/2024, 17:12:11                
================================================================

================================================================
======== Log Rotated - 27/02/2024, 17:12:11                     
================================================================
[17:17:30] txAdmin: Logger started
[17:19:48] [gjPcc#1] oopsie: joined with identifiers [steam:11000010dd3b881; license:d1fabd5c6707fdb5ad9f4d6adc03d5b10d7fb139; discord:148449302577020928; fivem:4603903; license2:7c968a6ca134a57f23abba5f0b3d153f704a6bc7]
[17:25:33] [gjPcc#1] oopsie: disconnected (Exiting)
[17:37:32] txAdmin: Logger started
[17:39:03] [9tWqW#1] oopsie: joined with identifiers [steam:11000010dd3b881; license:d1fabd5c6707fdb5ad9f4d6adc03d5b10d7fb139; discord:148449302577020928; fivem:4603903; license2:7c968a6ca134a57f23abba5f0b3d153f704a6bc7]
[17:41:01] [9tWqW#1] oopsie: disconnected (Exiting)
[17:42:36] [9tWqW#2] oopsie: joined with identifiers [steam:11000010dd3b881; license:d1fabd5c6707fdb5ad9f4d6adc03d5b10d7fb139; discord:148449302577020928; fivem:4603903; license2:7c968a6ca134a57f23abba5f0b3d153f704a6bc7]
[17:45:01] [9tWqW#2] oopsie: disconnected ([txAdmin] Server restarting (requested by sugawy).)
[17:48:19] txAdmin: Logger started
[17:50:24] [UmadX#1] oopsie: joined with identifiers [steam:11000010dd3b881; license:d1fabd5c6707fdb5ad9f4d6adc03d5b10d7fb139; discord:148449302577020928; fivem:4603903; license2:7c968a6ca134a57f23abba5f0b3d153f704a6bc7]
[17:58:58] [UmadX#1] oopsie: disconnected ([txAdmin] Server restarting (requested by sugawy).)
[18:01:17] txAdmin: Logger started
[18:02:55] [4NnAW#1] oopsie: joined with identifiers [steam:11000010dd3b881; license:d1fabd5c6707fdb5ad9f4d6adc03d5b10d7fb139; discord:148449302577020928; fivem:4603903; license2:7c968a6ca134a57f23abba5f0b3d153f704a6bc7]
[18:22:03] [4NnAW#1] oopsie: said "/report"
[18:35:31] [4NnAW#1] oopsie: said "/noclip"
[18:37:46] [4NnAW#1] oopsie: said "/noclip"
[18:38:06] [4NnAW#1] oopsie: turned show player IDs on
[18:38:08] [4NnAW#1] oopsie: turned show player IDs off
[18:38:16] [4NnAW#1] oopsie: enabled noclip
[18:38:19] [4NnAW#1] oopsie: became mortal (standard mode)
[18:38:23] [4NnAW#1] oopsie: enabled noclip
[18:38:24] [4NnAW#1] oopsie: became mortal (standard mode)
[18:38:25] [4NnAW#1] oopsie: enabled noclip
[18:38:26] [4NnAW#1] oopsie: became mortal (standard mode)
[18:40:48] [4NnAW#1] oopsie: said "/dc"
[18:43:14] [4NnAW#1] oopsie: disconnected (Exiting)

================================================================
======== txAdmin Starting - 27/02/2024, 19:03:24                
================================================================
[19:05:51] txAdmin: Logger started
[19:07:44] [QpzWG#1] oopsie: joined with identifiers [steam:11000010dd3b881; license:d1fabd5c6707fdb5ad9f4d6adc03d5b10d7fb139; discord:148449302577020928; fivem:4603903; license2:7c968a6ca134a57f23abba5f0b3d153f704a6bc7]
[19:12:35] [QpzWG#1] oopsie: disconnected (Você foi chutado!	Razão: 1)
[19:13:07] [QpzWG#2] New: joined with identifiers [steam:1100001444ceead; license:f0914631fc045d0324a092b1f79a9616ccb23495; xbl:2535435722807789; live:1055518299041969; discord:962069980847960085; fivem:4788245; license2:f0914631fc045d0324a092b1f79a9616ccb23495]
[19:15:37] [QpzWG#3] oopsie: joined with identifiers [steam:11000010dd3b881; license:d1fabd5c6707fdb5ad9f4d6adc03d5b10d7fb139; discord:148449302577020928; fivem:4603903; license2:7c968a6ca134a57f23abba5f0b3d153f704a6bc7]
[19:23:07] [QpzWG#3] oopsie: disconnected (Exiting)
[19:23:09] [QpzWG#2] New: disconnected ([txAdmin] Server restarting (requested by sugawy).)
[19:25:34] txAdmin: Logger started
[19:26:22] [9qghK#1] oopsie: joined with identifiers [steam:11000010dd3b881; license:d1fabd5c6707fdb5ad9f4d6adc03d5b10d7fb139; discord:148449302577020928; fivem:4603903; license2:7c968a6ca134a57f23abba5f0b3d153f704a6bc7]
[19:30:27] [9qghK#1] oopsie: disconnected ([txAdmin] Server shutting down (requested by sugawy).)

================================================================
======== txAdmin Starting - 27/02/2024, 19:33:29                
================================================================

================================================================
======== txAdmin Starting - 27/02/2024, 19:39:34                
================================================================
[20:01:08] txAdmin: Logger started
[20:09:29] txAdmin: Logger started
[20:45:51] [NjfzP#1] oopsie: joined with identifiers [steam:11000010dd3b881; license:d1fabd5c6707fdb5ad9f4d6adc03d5b10d7fb139; discord:148449302577020928; fivem:4603903; license2:7c968a6ca134a57f23abba5f0b3d153f704a6bc7]
[20:56:51] [NjfzP#1] oopsie: disconnected (Exiting)

================================================================
======== txAdmin Starting - 27/02/2024, 23:47:17                
================================================================
[23:52:39] txAdmin: Logger started
[23:54:56] [ifwQ4#1] oopsie: joined with identifiers [steam:11000010dd3b881; license:d1fabd5c6707fdb5ad9f4d6adc03d5b10d7fb139; discord:148449302577020928; fivem:4603903; license2:7c968a6ca134a57f23abba5f0b3d153f704a6bc7]
[23:56:31] [ifwQ4#1] oopsie: enabled noclip
[23:56:35] [ifwQ4#1] oopsie: became mortal (standard mode)
[23:58:39] [ifwQ4#1] oopsie: disconnected (Exiting)
