
================================================================
======== Log Rotated - 28/02/2024, 00:00:00                     
================================================================

================================================================
======== txAdmin Starting - 28/02/2024, 07:41:04                
================================================================
[07:47:34] txAdmin: Logger started
[07:57:50] [cTkPM#1] oopsie: joined with identifiers [steam:11000010dd3b881; license:d1fabd5c6707fdb5ad9f4d6adc03d5b10d7fb139; discord:148449302577020928; fivem:4603903; license2:7c968a6ca134a57f23abba5f0b3d153f704a6bc7]
[08:02:40] [cTkPM#1] oopsie: said "/admincar"
[08:05:06] [cTkPM#1] oopsie: disconnected (Exiting)
[08:22:57] txAdmin: Logger started
[08:24:21] [ntbUH#1] oopsie: joined with identifiers [steam:11000010dd3b881; license:d1fabd5c6707fdb5ad9f4d6adc03d5b10d7fb139; discord:148449302577020928; fivem:4603903; license2:7c968a6ca134a57f23abba5f0b3d153f704a6bc7]
[08:26:36] [ntbUH#1] oopsie: disconnected (Exiting)
[08:27:49] txAdmin: Logger started
[08:28:51] [R7h4q#1] oopsie: joined with identifiers [steam:11000010dd3b881; license:d1fabd5c6707fdb5ad9f4d6adc03d5b10d7fb139; discord:148449302577020928; fivem:4603903; license2:7c968a6ca134a57f23abba5f0b3d153f704a6bc7]
[08:31:56] [R7h4q#1] oopsie: disconnected (Exiting)

================================================================
======== txAdmin Starting - 28/02/2024, 09:06:15                
================================================================
[09:11:38] txAdmin: Logger started
[09:16:10] [hLah3#1] oopsie: joined with identifiers [steam:11000010dd3b881; license:d1fabd5c6707fdb5ad9f4d6adc03d5b10d7fb139; discord:148449302577020928; fivem:4603903; license2:7c968a6ca134a57f23abba5f0b3d153f704a6bc7]
[09:21:29] [hLah3#1] oopsie: disconnected (Exiting)
[09:32:43] txAdmin: Logger started
[09:35:22] [TVNwk#1] oopsie: joined with identifiers [steam:11000010dd3b881; license:d1fabd5c6707fdb5ad9f4d6adc03d5b10d7fb139; discord:148449302577020928; fivem:4603903; license2:7c968a6ca134a57f23abba5f0b3d153f704a6bc7]
[09:37:08] [TVNwk#1] oopsie: said "/noclip"
[09:37:10] [TVNwk#1] oopsie: enabled noclip
[09:37:48] [TVNwk#1] oopsie: disconnected (Exiting)
[09:40:59] txAdmin: Logger started
[09:42:42] txAdmin: Logger started
[09:43:53] [Re3PX#1] oopsie: joined with identifiers [steam:11000010dd3b881; license:d1fabd5c6707fdb5ad9f4d6adc03d5b10d7fb139; discord:148449302577020928; fivem:4603903; license2:7c968a6ca134a57f23abba5f0b3d153f704a6bc7]
[09:46:51] [Re3PX#1] oopsie: enabled noclip
[09:49:38] [Re3PX#1] oopsie: became mortal (standard mode)
[09:50:20] [Re3PX#1] oopsie: disconnected (Exiting)
[10:20:08] txAdmin: Logger started
[10:21:11] [LQzrr#1] oopsie: joined with identifiers [steam:11000010dd3b881; license:d1fabd5c6707fdb5ad9f4d6adc03d5b10d7fb139; discord:148449302577020928; fivem:4603903; license2:7c968a6ca134a57f23abba5f0b3d153f704a6bc7]
[10:22:50] [LQzrr#1] oopsie: enabled noclip
[10:24:34] [LQzrr#1] oopsie: became mortal (standard mode)
[10:25:50] [LQzrr#1] oopsie: disconnected (Exiting)
[10:28:32] txAdmin: Logger started
[10:40:01] [99tEP#1] oopsie: joined with identifiers [steam:11000010dd3b881; license:d1fabd5c6707fdb5ad9f4d6adc03d5b10d7fb139; discord:148449302577020928; fivem:4603903; license2:7c968a6ca134a57f23abba5f0b3d153f704a6bc7]
[10:42:07] [99tEP#1] oopsie: enabled noclip
[10:42:33] [99tEP#1] oopsie: became mortal (standard mode)
[10:42:47] [99tEP#1] oopsie: disconnected (Exiting)
[10:52:58] txAdmin: Logger started
[10:55:08] [aNrEm#1] oopsie: joined with identifiers [steam:11000010dd3b881; license:d1fabd5c6707fdb5ad9f4d6adc03d5b10d7fb139; discord:148449302577020928; fivem:4603903; license2:7c968a6ca134a57f23abba5f0b3d153f704a6bc7]
[10:57:03] [aNrEm#1] oopsie: enabled noclip
[10:57:27] [aNrEm#1] oopsie: became mortal (standard mode)
[10:57:53] [aNrEm#1] oopsie: enabled noclip
[10:58:21] [aNrEm#1] oopsie: became mortal (standard mode)
[10:58:24] [aNrEm#1] oopsie: enabled noclip
[10:58:32] [aNrEm#1] oopsie: became mortal (standard mode)
[10:58:49] [aNrEm#1] oopsie: disconnected (Exiting)

================================================================
======== txAdmin Starting - 28/02/2024, 11:24:39                
================================================================
[11:27:07] txAdmin: Logger started
[11:29:26] txAdmin: Logger started
[11:30:22] txAdmin: Logger started
[11:31:35] txAdmin: Logger started
[11:32:47] [CX7TK#1] oopsie: joined with identifiers [steam:11000010dd3b881; license:d1fabd5c6707fdb5ad9f4d6adc03d5b10d7fb139; discord:148449302577020928; fivem:4603903; license2:7c968a6ca134a57f23abba5f0b3d153f704a6bc7]
[11:34:44] [CX7TK#1] oopsie: disconnected (Exiting)
[11:38:07] txAdmin: Logger started
[11:42:57] [RPVNi#1] oopsie: joined with identifiers [steam:11000010dd3b881; license:d1fabd5c6707fdb5ad9f4d6adc03d5b10d7fb139; discord:148449302577020928; fivem:4603903; license2:7c968a6ca134a57f23abba5f0b3d153f704a6bc7]
[11:45:11] [RPVNi#1] oopsie: disconnected (Exiting)
[11:51:36] [RPVNi#2] oopsie: joined with identifiers [steam:11000010dd3b881; license:d1fabd5c6707fdb5ad9f4d6adc03d5b10d7fb139; discord:148449302577020928; fivem:4603903; license2:7c968a6ca134a57f23abba5f0b3d153f704a6bc7]
[11:57:01] [RPVNi#2] oopsie: disconnected (Exiting)
[11:57:37] [RPVNi#3] oopsie: joined with identifiers [steam:11000010dd3b881; license:d1fabd5c6707fdb5ad9f4d6adc03d5b10d7fb139; discord:148449302577020928; fivem:4603903; license2:7c968a6ca134a57f23abba5f0b3d153f704a6bc7]
[11:59:15] [RPVNi#3] oopsie: disconnected (Exiting)
[12:01:31] [RPVNi#4] oopsie: joined with identifiers [steam:11000010dd3b881; license:d1fabd5c6707fdb5ad9f4d6adc03d5b10d7fb139; discord:148449302577020928; fivem:4603903; license2:7c968a6ca134a57f23abba5f0b3d153f704a6bc7]

================================================================
======== txAdmin Starting - 28/02/2024, 13:49:18                
================================================================
[13:54:58] txAdmin: Logger started
[13:57:22] [eHK9m#1] oopsie: joined with identifiers [steam:11000010dd3b881; license:d1fabd5c6707fdb5ad9f4d6adc03d5b10d7fb139; discord:148449302577020928; fivem:4603903; license2:7c968a6ca134a57f23abba5f0b3d153f704a6bc7]
[14:02:42] [eHK9m#1] oopsie: enabled noclip
[14:03:01] [eHK9m#1] oopsie: became mortal (standard mode)
[14:07:31] [eHK9m#1] oopsie: disconnected (Exiting)
[14:08:48] [eHK9m#2] oopsie: joined with identifiers [steam:11000010dd3b881; license:d1fabd5c6707fdb5ad9f4d6adc03d5b10d7fb139; discord:148449302577020928; fivem:4603903; license2:7c968a6ca134a57f23abba5f0b3d153f704a6bc7]
[14:20:04] [eHK9m#2] oopsie: disconnected (Exiting)
[14:21:19] [eHK9m#3] oopsie: joined with identifiers [steam:11000010dd3b881; license:d1fabd5c6707fdb5ad9f4d6adc03d5b10d7fb139; discord:148449302577020928; fivem:4603903; license2:7c968a6ca134a57f23abba5f0b3d153f704a6bc7]
[14:22:14] [eHK9m#3] oopsie: died from suicide (Falling)
[14:24:03] [eHK9m#3] oopsie: enabled noclip
[14:24:55] [eHK9m#3] oopsie: became mortal (standard mode)
[14:27:24] [eHK9m#3] oopsie: enabled noclip
[14:27:28] [eHK9m#3] oopsie: became mortal (standard mode)
[14:28:32] [eHK9m#3] oopsie: disconnected (Exiting)
[14:34:12] txAdmin: Logger started
[14:36:46] [j4YML#1] oopsie: joined with identifiers [steam:11000010dd3b881; license:d1fabd5c6707fdb5ad9f4d6adc03d5b10d7fb139; discord:148449302577020928; fivem:4603903; license2:7c968a6ca134a57f23abba5f0b3d153f704a6bc7]
[14:41:23] [j4YML#1] oopsie: disconnected (Exiting)
[14:42:02] [j4YML#2] oopsie: joined with identifiers [steam:11000010dd3b881; license:d1fabd5c6707fdb5ad9f4d6adc03d5b10d7fb139; discord:148449302577020928; fivem:4603903; license2:7c968a6ca134a57f23abba5f0b3d153f704a6bc7]
[14:43:52] [j4YML#2] oopsie: disconnected (Exiting)
[14:48:17] [j4YML#3] oopsie: joined with identifiers [steam:11000010dd3b881; license:d1fabd5c6707fdb5ad9f4d6adc03d5b10d7fb139; discord:148449302577020928; fivem:4603903; license2:7c968a6ca134a57f23abba5f0b3d153f704a6bc7]
[14:50:35] [j4YML#3] oopsie: disconnected (Exiting)
[15:05:53] txAdmin: Logger started
[15:06:31] [CPxRw#1] oopsie: joined with identifiers [steam:11000010dd3b881; license:d1fabd5c6707fdb5ad9f4d6adc03d5b10d7fb139; discord:148449302577020928; fivem:4603903; license2:7c968a6ca134a57f23abba5f0b3d153f704a6bc7]
[15:10:18] [CPxRw#1] oopsie: disconnected (Exiting)
[18:14:23] txAdmin: Logger started
[18:15:55] [AQGUJ#1] oopsie: joined with identifiers [steam:11000010dd3b881; license:d1fabd5c6707fdb5ad9f4d6adc03d5b10d7fb139; discord:148449302577020928; fivem:4603903; license2:7c968a6ca134a57f23abba5f0b3d153f704a6bc7]
[18:18:45] [AQGUJ#1] oopsie: disconnected (Exiting)
[18:19:55] [AQGUJ#2] oopsie: joined with identifiers [steam:11000010dd3b881; license:d1fabd5c6707fdb5ad9f4d6adc03d5b10d7fb139; discord:148449302577020928; fivem:4603903; license2:7c968a6ca134a57f23abba5f0b3d153f704a6bc7]
[18:22:04] [AQGUJ#2] oopsie: disconnected (Exiting)
[18:24:03] [AQGUJ#3] oopsie: joined with identifiers [steam:11000010dd3b881; license:d1fabd5c6707fdb5ad9f4d6adc03d5b10d7fb139; discord:148449302577020928; fivem:4603903; license2:7c968a6ca134a57f23abba5f0b3d153f704a6bc7]
[18:27:00] [AQGUJ#3] oopsie: disconnected (Exiting)
[18:27:41] [AQGUJ#4] oopsie: joined with identifiers [steam:11000010dd3b881; license:d1fabd5c6707fdb5ad9f4d6adc03d5b10d7fb139; discord:148449302577020928; fivem:4603903; license2:7c968a6ca134a57f23abba5f0b3d153f704a6bc7]
[18:30:41] [AQGUJ#4] oopsie: disconnected (Exiting)
[18:31:56] [AQGUJ#5] oopsie: joined with identifiers [steam:11000010dd3b881; license:d1fabd5c6707fdb5ad9f4d6adc03d5b10d7fb139; discord:148449302577020928; fivem:4603903; license2:7c968a6ca134a57f23abba5f0b3d153f704a6bc7]
[18:35:34] [AQGUJ#5] oopsie: enabled noclip
[18:36:28] [AQGUJ#5] oopsie: became mortal (standard mode)
[18:39:11] [AQGUJ#5] oopsie: disconnected (Exiting)
[18:40:10] [AQGUJ#6] oopsie: joined with identifiers [steam:11000010dd3b881; license:d1fabd5c6707fdb5ad9f4d6adc03d5b10d7fb139; discord:148449302577020928; fivem:4603903; license2:7c968a6ca134a57f23abba5f0b3d153f704a6bc7]
[18:43:10] [AQGUJ#6] oopsie: disconnected (Exiting)
[18:44:34] [AQGUJ#7] oopsie: joined with identifiers [steam:11000010dd3b881; license:d1fabd5c6707fdb5ad9f4d6adc03d5b10d7fb139; discord:148449302577020928; fivem:4603903; license2:7c968a6ca134a57f23abba5f0b3d153f704a6bc7]
[18:47:20] [AQGUJ#7] oopsie: disconnected (Exiting)
[18:49:22] [AQGUJ#8] oopsie: joined with identifiers [steam:11000010dd3b881; license:d1fabd5c6707fdb5ad9f4d6adc03d5b10d7fb139; discord:148449302577020928; fivem:4603903; license2:7c968a6ca134a57f23abba5f0b3d153f704a6bc7]
[18:52:58] [AQGUJ#8] oopsie: disconnected ([txAdmin] Server shutting down (requested by sugawy).)

================================================================
======== txAdmin Starting - 28/02/2024, 19:02:18                
================================================================
[19:05:17] txAdmin: Logger started
[19:08:10] [eTBU7#1] oopsie: joined with identifiers [steam:11000010dd3b881; license:d1fabd5c6707fdb5ad9f4d6adc03d5b10d7fb139; discord:148449302577020928; fivem:4603903; license2:7c968a6ca134a57f23abba5f0b3d153f704a6bc7]
[19:10:31] [eTBU7#1] oopsie: disconnected (Exiting)
[19:12:36] [eTBU7#2] oopsie: joined with identifiers [steam:11000010dd3b881; license:d1fabd5c6707fdb5ad9f4d6adc03d5b10d7fb139; discord:148449302577020928; fivem:4603903; license2:7c968a6ca134a57f23abba5f0b3d153f704a6bc7]
[19:13:50] [eTBU7#2] oopsie: disconnected (Exiting)

================================================================
======== txAdmin Starting - 28/02/2024, 20:33:04                
================================================================
[20:42:01] txAdmin: Logger started
[20:42:17] [3ep7b#1] oopsie: joined with identifiers [steam:11000010dd3b881; license:d1fabd5c6707fdb5ad9f4d6adc03d5b10d7fb139; discord:148449302577020928; fivem:4603903; license2:7c968a6ca134a57f23abba5f0b3d153f704a6bc7]
[20:44:30] [3ep7b#1] oopsie: enabled noclip
[20:46:46] [3ep7b#1] oopsie: became mortal (standard mode)
[20:47:05] [3ep7b#1] oopsie: enabled noclip
[21:01:50] [3ep7b#1] oopsie: disconnected ([txAdmin] Server restarting (requested by sugawy).)
[21:02:11] txAdmin: Logger started
[21:02:54] [q4zAr#1] oopsie: joined with identifiers [steam:11000010dd3b881; license:d1fabd5c6707fdb5ad9f4d6adc03d5b10d7fb139; discord:148449302577020928; fivem:4603903; license2:7c968a6ca134a57f23abba5f0b3d153f704a6bc7]
[21:15:53] [q4zAr#1] oopsie: disconnected (Exiting)

================================================================
======== txAdmin Starting - 28/02/2024, 21:25:33                
================================================================
[21:25:55] txAdmin: Logger started
[21:26:27] [pdKRz#1] oopsie: joined with identifiers [steam:11000010dd3b881; license:d1fabd5c6707fdb5ad9f4d6adc03d5b10d7fb139; discord:148449302577020928; fivem:4603903; license2:7c968a6ca134a57f23abba5f0b3d153f704a6bc7]
[21:33:40] [pdKRz#1] oopsie: disconnected (Exiting)
[21:35:27] txAdmin: Logger started
[21:36:43] [CnmBx#1] oopsie: joined with identifiers [steam:11000010dd3b881; license:d1fabd5c6707fdb5ad9f4d6adc03d5b10d7fb139; discord:148449302577020928; fivem:4603903; license2:7c968a6ca134a57f23abba5f0b3d153f704a6bc7]
[21:37:49] [CnmBx#1] oopsie: enabled noclip
[21:38:31] [CnmBx#1] oopsie: became mortal (standard mode)
[21:40:19] [CnmBx#1] oopsie: enabled noclip
[21:41:07] [CnmBx#1] oopsie: became mortal (standard mode)
[21:45:19] [CnmBx#1] oopsie: enabled noclip
[21:45:32] [CnmBx#1] oopsie: became mortal (standard mode)
[21:50:10] [CnmBx#1] oopsie: disconnected (Exiting)
[21:53:31] txAdmin: Logger started
[21:55:42] [EQ6Pp#1] oopsie: joined with identifiers [steam:11000010dd3b881; license:d1fabd5c6707fdb5ad9f4d6adc03d5b10d7fb139; discord:148449302577020928; fivem:4603903; license2:7c968a6ca134a57f23abba5f0b3d153f704a6bc7]
[21:56:59] [EQ6Pp#1] oopsie: disconnected (Exiting)
