
================================================================
======== txAdmin Starting - 19/02/2024, 00:24:53                
================================================================

================================================================
======== Log Rotated - 19/02/2024, 00:24:54                     
================================================================
[00:25:01] txAdmin: Logger started
[00:26:25] txAdmin: Logger started
[00:33:52] txAdmin: Logger started
[00:38:06] [GbVWd#1] sugawy: joined with identifiers [license:d1fabd5c6707fdb5ad9f4d6adc03d5b10d7fb139; discord:148449302577020928; fivem:4603903; license2:7c968a6ca134a57f23abba5f0b3d153f704a6bc7]
[01:08:03] [GbVWd#1] sugawy: said "/walk sexyº"
[01:08:06] [GbVWd#1] sugawy: said "/walk sexy~"
[01:08:07] [GbVWd#1] sugawy: said "/walk sexy"
[01:08:24] [GbVWd#1] sugawy: disconnected (Exiting)
[01:14:06] [GbVWd#2] sugawy: joined with identifiers [license:d1fabd5c6707fdb5ad9f4d6adc03d5b10d7fb139; discord:148449302577020928; fivem:4603903; license2:7c968a6ca134a57f23abba5f0b3d153f704a6bc7]
[01:29:38] [GbVWd#2] sugawy: disconnected (Exiting)
[01:31:54] txAdmin: Logger started
[01:33:52] [mNPYy#1] sugawy: joined with identifiers [license:d1fabd5c6707fdb5ad9f4d6adc03d5b10d7fb139; discord:148449302577020928; fivem:4603903; license2:7c968a6ca134a57f23abba5f0b3d153f704a6bc7]
[01:47:11] [mNPYy#1] sugawy: disconnected (Exiting)

================================================================
======== txAdmin Starting - 19/02/2024, 01:57:49                
================================================================
[02:04:34] txAdmin: Logger started
[02:09:36] [mtBph#1] sugawy: joined with identifiers [license:d1fabd5c6707fdb5ad9f4d6adc03d5b10d7fb139; discord:148449302577020928; fivem:4603903; license2:7c968a6ca134a57f23abba5f0b3d153f704a6bc7]
[02:14:54] [mtBph#1] sugawy: disconnected (Exiting)
[02:17:07] txAdmin: Logger started
[02:18:40] [hPQQy#1] sugawy: joined with identifiers [license:d1fabd5c6707fdb5ad9f4d6adc03d5b10d7fb139; discord:148449302577020928; fivem:4603903; license2:7c968a6ca134a57f23abba5f0b3d153f704a6bc7]
[02:20:19] [hPQQy#1] sugawy: disconnected (Exiting)
[02:22:56] txAdmin: Logger started
[02:24:04] [MpPA7#1] sugawy: joined with identifiers [license:d1fabd5c6707fdb5ad9f4d6adc03d5b10d7fb139; discord:148449302577020928; fivem:4603903; license2:7c968a6ca134a57f23abba5f0b3d153f704a6bc7]
[02:49:37] [MpPA7#1] sugawy: disconnected (Exiting)
[02:51:47] txAdmin: Logger started
[02:58:16] txAdmin: Logger started
[03:01:42] [KmJ7h#1] sugawy: joined with identifiers [license:d1fabd5c6707fdb5ad9f4d6adc03d5b10d7fb139; discord:148449302577020928; fivem:4603903; license2:7c968a6ca134a57f23abba5f0b3d153f704a6bc7]
[03:04:54] [KmJ7h#1] sugawy: disconnected (Exiting)
[03:07:07] txAdmin: Logger started
[03:08:39] [6dR9X#1] sugawy: joined with identifiers [license:d1fabd5c6707fdb5ad9f4d6adc03d5b10d7fb139; discord:148449302577020928; fivem:4603903; license2:7c968a6ca134a57f23abba5f0b3d153f704a6bc7]
[03:11:43] [6dR9X#1] sugawy: disconnected (Exiting)
